1711963382|lehung|A|/LICENSE
1711963382|lehung|A|/README.md
1711990309|lecaoquochung|A|/.github/workflows/docker-image.yml
1711990309|lecaoquochung|A|/Dockerfile
1711990309|lecaoquochung|A|/build/main/dependencies.sh
1711990309|lecaoquochung|A|/docker-compose.yml
1712073915|lecaoquochung|M|/.github/workflows/docker-image.yml
1712073915|lecaoquochung|A|/.gitignore
1712073915|lecaoquochung|D|/Dockerfile
1712073915|lecaoquochung|M|/build/main/dependencies.sh
1712073915|lecaoquochung|A|/build/qa/dependencies.sh
1712073915|lecaoquochung|M|/docker-compose.yml
1712073915|lecaoquochung|A|/env
1712073915|lecaoquochung|A|/script/build.sh
1712073915|lecaoquochung|A|/ubuntu/Dockerfile.latest
1712073915|lecaoquochung|A|/ubuntu/Dockerfile.noble
1712073915|lecaoquochung|A|/ubuntu/Dockerfile.qa
1712581716|lecaoquochung|M|/.github/workflows/docker-image.yml
1712581716|lecaoquochung|M|/docker-compose.yml
1712581716|lecaoquochung|A|/php/Dockerfile.php-fpm
1712581716|lecaoquochung|M|/ubuntu/Dockerfile.qa
1715081036|lecaoquochung|M|/.github/workflows/docker-image.yml
1715081036|lecaoquochung|A|/scala/Dockerfile.bionic
1715082925|lecaoquochung|M|/scala/Dockerfile.bionic
1715085028|lecaoquochung|M|/scala/Dockerfile.bionic
1715086109|lecaoquochung|M|/scala/Dockerfile.bionic
1715087007|lecaoquochung|M|/scala/Dockerfile.bionic
1715088046|lecaoquochung|M|/scala/Dockerfile.bionic
1715091374|lecaoquochung|M|/scala/Dockerfile.bionic
1715126058|lecaoquochung|M|/scala/Dockerfile.bionic
1715126952|lecaoquochung|M|/scala/Dockerfile.bionic
1715208904|lecaoquochung|M|/.github/workflows/docker-image.yml
1715208904|lecaoquochung|M|/scala/Dockerfile.bionic
1715208904|lecaoquochung|A|/scala/Dockerfile.mantic
1715305659|lecaoquochung|M|/scala/Dockerfile.mantic
1715423770|lecaoquochung|M|/scala/Dockerfile.mantic
1715509772|lecaoquochung|M|/scala/Dockerfile.mantic
1715509772|lecaoquochung|A|/scala/requirements.txt
1716682452|lecaoquochung|M|/.github/workflows/docker-image.yml
1716682452|lecaoquochung|A|/jenkins/Dockerfile.latest
1716682452|lecaoquochung|M|/ubuntu/Dockerfile.latest
1716685497|lecaoquochung|M|/jenkins/Dockerfile.latest
1716685497|lecaoquochung|A|/jenkins/dependencies.sh
1716685497|lecaoquochung|A|/jenkins/version.sh
1716688917|lecaoquochung|M|/jenkins/dependencies.sh
1716689537|lecaoquochung|M|/jenkins/Dockerfile.latest
1717113192|lecaoquochung|A|/.github/workflows/automation.yml
1717113192|lecaoquochung|A|/.github/workflows/branch.yml
1717113192|lecaoquochung|D|/.github/workflows/docker-image.yml
1717113192|lecaoquochung|M|/jenkins/dependencies.sh
1717113192|lecaoquochung|A|/php/Dockerfile.latest
1717113914|lecaoquochung|M|/jenkins/Dockerfile.latest
1717113914|lecaoquochung|M|/jenkins/dependencies.sh
1717114358|lecaoquochung|A|/.github/workflows/stale.yml
1717114358|lecaoquochung|M|/jenkins/Dockerfile.latest
1717115027|lecaoquochung|M|/.github/workflows/branch.yml
1717181377|lecaoquochung|M|/jenkins/Dockerfile.latest
1717184775|lecaoquochung|M|/jenkins/Dockerfile.latest
1717202633|lecaoquochung|M|/jenkins/dependencies.sh
1724282205|lecaoquochung|M|/.github/workflows/automation.yml
1724282205|lecaoquochung|M|/.github/workflows/branch.yml
1724282205|lecaoquochung|A|/php/Dockerfile.beta
1724282205|lecaoquochung|M|/php/Dockerfile.latest
1724282205|lecaoquochung|D|/php/Dockerfile.php-fpm
1724283690|lehungio|M|/php/Dockerfile.beta
1724320350|lehungio|M|/php/Dockerfile.beta
1724325613|lehungio|M|/php/Dockerfile.beta
1724325613|lehungio|M|/php/Dockerfile.latest
1724325809|lehungio|M|/php/Dockerfile.beta
1724325809|lehungio|M|/php/Dockerfile.latest
1724325978|lehungio|M|/php/Dockerfile.beta
1724325978|lehungio|M|/php/Dockerfile.latest
1724326322|lehungio|M|/php/Dockerfile.beta
1724326322|lehungio|M|/php/Dockerfile.latest
1724326970|lehungio|M|/php/Dockerfile.beta
1724326970|lehungio|M|/php/Dockerfile.latest
1724327410|lehungio|M|/php/Dockerfile.beta
1724327410|lehungio|M|/php/Dockerfile.latest
1724328104|lehungio|M|/php/Dockerfile.beta
1724328104|lehungio|M|/php/Dockerfile.latest
1724328414|lehungio|M|/php/Dockerfile.beta
1724328414|lehungio|M|/php/Dockerfile.latest
1724328783|lehungio|M|/php/Dockerfile.beta
1724328783|lehungio|M|/php/Dockerfile.latest
1724329063|lehungio|M|/php/Dockerfile.beta
1724329063|lehungio|M|/php/Dockerfile.latest
1724329691|lehungio|M|/php/Dockerfile.beta
1724329691|lehungio|M|/php/Dockerfile.latest
1724331266|lehungio|M|/php/Dockerfile.latest
1724369893|lehungio|M|/php/Dockerfile.latest
1724470157|lehungio|M|/README.md
1724629195|lehungio|M|/docker-compose.yml
1724802145|lehungio|A|/nginx.conf
1724802413|lehungio|M|/nginx.conf
1725673424|lecaoquochung|D|/.github/workflows/branch.yml
1725673424|lecaoquochung|A|/.github/workflows/ci.yml
1725673424|lecaoquochung|M|/.gitignore
1725673424|lecaoquochung|A|/.nvmrc
1725673424|lecaoquochung|A|/package-lock.json
1725673424|lecaoquochung|A|/package.json
1725676557|lehungio|M|/package.json
1725688573|lehungio|M|/package.json
1725692373|lehungio|M|/.github/workflows/ci.yml
1725692373|lehungio|M|/package.json
1725692373|lehungio|A|/puppeteer/Dockerfile.latest
1725692529|lehungio|M|/.github/workflows/ci.yml
1725693045|lehungio|M|/.github/workflows/ci.yml
1725693045|lehungio|M|/package-lock.json
1725705104|lehungio|M|/puppeteer/Dockerfile.latest
1725705754|lehungio|M|/package.json
1725705754|lehungio|M|/puppeteer/Dockerfile.latest
1725706852|lehungio|M|/package-lock.json
1725706852|lehungio|M|/package.json
1725708156|lehungio|M|/package-lock.json
1725708156|lehungio|M|/package.json
1725764747|lehungio|A|/.circleci/config.yml
1725764747|lehungio|A|/.circleci/env/var.sh
1725764747|lehungio|A|/.circleci/job/shared/artifact.sh
1725764747|lehungio|A|/.circleci/job/shared/aws-s3.sh
1725764747|lehungio|A|/.circleci/job/shared/build-dependencies.sh
1725764747|lehungio|A|/.circleci/job/shared/report.sh
1725764747|lehungio|A|/.circleci/job/shared/run-test.sh
1725764747|lehungio|A|/.circleci/job/shared/scope.sh
1725764747|lehungio|A|/.circleci/job/shared/server-domain-info.sh
1725764747|lehungio|A|/.circleci/os/linux/dependencies.sh
1725764747|lehungio|A|/.circleci/setup_puppeteer.sh
1725764747|lehungio|A|/.circleci/submodule.sh
1725764747|lehungio|A|/.cirrus.yml
1725764747|lehungio|M|/.gitignore
1725764747|lehungio|A|/coverage/.gitkeep
1725764747|lehungio|A|/features/common.feature
1725764747|lehungio|A|/features/e2e/cucumber/friday.feature
1725764747|lehungio|A|/features/e2e/cucumber/greeting.feature
1725764747|lehungio|A|/features/e2e/cucumber/selenium.feature
1725764747|lehungio|A|/features/e2e/puppeteer/keyboard.feature
1725764747|lehungio|A|/features/step_definitions/cucumber/friday.js
1725764747|lehungio|A|/features/step_definitions/cucumber/greeting.js
1725764747|lehungio|A|/features/step_definitions/cucumber/selenium.js
1725764747|lehungio|A|/features/step_definitions/puppeteer/keyboard.js
1725764747|lehungio|A|/features/step_definitions/support/hooks.js
1725764747|lehungio|A|/features/step_definitions/support/world.js
1725764747|lehungio|A|/features/testsuite/basic_test.txt
1725764747|lehungio|M|/package.json
1725764747|lehungio|A|/report-junit.js
1725764747|lehungio|A|/report.html
1725764747|lehungio|A|/report.js
1725764747|lehungio|A|/report.json
1725764747|lehungio|A|/src/component/EvidenceComponent.js
1725764747|lehungio|A|/src/cucumber/greeting/index.js
1725764747|lehungio|A|/src/jest/openGoogle.test.js
1725764747|lehungio|A|/src/jest/sum.js
1725764747|lehungio|A|/src/jest/sum.test.js
1725764747|lehungio|A|/src/jest/test1.test.js.todo
1725764747|lehungio|A|/src/puppeteer/component/install-mouse-helper.js
1725764747|lehungio|A|/yarn.lock
1725765111|lehungio|M|/.circleci/config.yml
1725765216|lehungio|M|/.circleci/config.yml
1725767420|lehungio|M|/.circleci/config.yml
1725767420|lehungio|A|/coverage/feature/.gitkeep
1725767420|lehungio|A|/coverage/feature/basic_test.json
1725767988|lehungio|A|/constant.js
1725767988|lehungio|M|/package.json
1725768717|lehungio|M|/package-lock.json
1725768717|lehungio|M|/package.json
1725768717|lehungio|M|/yarn.lock
1725775123|lehungio|M|/features/step_definitions/cucumber/selenium.js
1725775123|lehungio|M|/features/step_definitions/support/hooks.js
1725775123|lehungio|D|/package-lock.json
1725775123|lehungio|M|/package.json
1725775123|lehungio|M|/report.json
1725775123|lehungio|M|/src/component/EvidenceComponent.js
1725775123|lehungio|M|/yarn.lock
1725791485|lehungio|M|/features/step_definitions/cucumber/selenium.js
1725791485|lehungio|M|/report.json
1725795536|lehungio|A|/package-lock.json
1725795536|lehungio|M|/yarn.lock
1726060534|lehungio|M|/.circleci/config.yml
1726060534|lehungio|A|/postman/sample/env.json
1726060534|lehungio|A|/postman/sample/user.json
1726064403|lehungio|M|/.github/workflows/ci.yml
1726064403|lehungio|M|/yarn.lock
1726064558|lehungio|M|/.github/workflows/ci.yml
1726064699|lehungio|M|/.github/workflows/ci.yml
1726064805|lehungio|M|/.github/workflows/ci.yml
1726065465|lehungio|M|/.github/workflows/ci.yml
1726066294|lehungio|M|/.github/workflows/ci.yml
1726066450|lehungio|M|/.github/workflows/ci.yml
1726066838|lehungio|M|/.github/workflows/ci.yml
1726067809|lehungio|M|/.github/workflows/ci.yml
1726068294|lehungio|M|/.github/workflows/ci.yml
1726068655|lehungio|M|/.github/workflows/ci.yml
1726121043|lehungio|M|/.github/workflows/ci.yml
1726397951|lecaoquochung|M|/.github/workflows/ci.yml
1726398070|lecaoquochung|M|/.github/workflows/ci.yml
1726398167|lecaoquochung|M|/.github/workflows/ci.yml
1726398319|lecaoquochung|M|/.github/workflows/ci.yml
1726398751|lehungio|M|/.github/workflows/ci.yml
1726401295|lehungio|M|/.github/workflows/ci.yml
1726405523|lehungio|M|/.github/workflows/ci.yml
1726407165|lehungio|M|/.github/workflows/ci.yml
1726408169|lehungio|M|/.github/workflows/ci.yml
1726532697|lehungio|M|/.github/workflows/ci.yml
1726991887|lehung|M|/.github/workflows/ci.yml
1726992945|lehung|M|/.github/workflows/ci.yml
1726992945|lehung|A|/postman/README.md
1726992945|lehung|A|/postman/newman/ME/env.json
1726992945|lehung|A|/postman/newman/ME/user.json
1726992945|lehung|D|/postman/sample/env.json
1726992945|lehung|D|/postman/sample/user.json
1726994982|lehungio|M|/.github/workflows/ci.yml
1726994982|lehungio|A|/postman/ME.postman_collection.json
1726994982|lehungio|A|/postman/SAMPLE.postman_environment.json
1726994982|lehungio|D|/postman/newman/ME/env.json
1726994982|lehungio|D|/postman/newman/ME/user.json
1726996035|lehungio|M|/.circleci/config.yml
1726996035|lehungio|M|/.github/workflows/ci.yml
1726998533|lehungio|M|/.github/workflows/ci.yml
1727222016|lecaoquochung|M|/.github/workflows/ci.yml
1727222016|lecaoquochung|A|/redash/.gitignore
1727222016|lecaoquochung|A|/redash/README.md
1727222016|lecaoquochung|A|/redash/archived/docker-compose.yml.official
1727222016|lecaoquochung|A|/redash/docker-compose.yml
1727222016|lecaoquochung|A|/redash/env
1727222672|lecaoquochung|M|/.github/workflows/ci.yml
1727223146|lecaoquochung|M|/.github/workflows/ci.yml
1727223323|lecaoquochung|M|/.github/workflows/ci.yml
1727223788|lecaoquochung|M|/.github/workflows/ci.yml
1727224062|lecaoquochung|M|/.github/workflows/ci.yml
1727263868|lecaoquochung|M|/.github/workflows/ci.yml
1727267470|lecaoquochung|M|/.github/workflows/ci.yml
1727267920|lecaoquochung|M|/.github/workflows/ci.yml
1727267920|lecaoquochung|A|/swift/.gitkeep
1727268394|lecaoquochung|M|/.github/workflows/ci.yml
1727268757|lecaoquochung|M|/.github/workflows/ci.yml
1727269214|lecaoquochung|M|/.github/workflows/ci.yml
1727269995|lecaoquochung|M|/.github/workflows/ci.yml
1727270486|lecaoquochung|M|/.github/workflows/ci.yml
1727270486|lecaoquochung|A|/redash/docker-compose.yaml
1727270486|lecaoquochung|D|/redash/docker-compose.yml
1727574442|lecaoquochung|M|/.github/workflows/ci.yml
1727574442|lecaoquochung|M|/README.md
1727574442|lecaoquochung|M|/docker-compose.yml
1727574442|lecaoquochung|M|/nginx.conf
1727574442|lecaoquochung|M|/redash/.gitignore
1727574442|lecaoquochung|M|/redash/README.md
1727574442|lecaoquochung|M|/redash/docker-compose.yaml
1727579175|lecaoquochung|M|/.github/workflows/ci.yml
1727579175|lecaoquochung|M|/redash/README.md
1727579175|lecaoquochung|M|/redash/docker-compose.yaml
1727579175|lecaoquochung|M|/redash/env
1727579175|lecaoquochung|A|/redash/img/cli.png
1727579175|lecaoquochung|A|/redash/img/dashboard.png
1727579175|lecaoquochung|A|/redash/img/web.png
1727582894|lecaoquochung|M|/.github/workflows/ci.yml
1727583800|lecaoquochung|M|/.github/workflows/ci.yml
1727586610|lehungio|M|/.github/workflows/automation.yml
1727586610|lehungio|M|/.github/workflows/ci.yml
1727586610|lehungio|D|/scala/Dockerfile.bionic
1727586610|lehungio|D|/scala/Dockerfile.mantic
1727586610|lehungio|A|/scala/build/Dockerfile.bionic
1727586610|lehungio|A|/scala/build/Dockerfile.mantic
1727586610|lehungio|A|/scala/build/requirements.txt
1727586610|lehungio|D|/scala/requirements.txt
1727596791|lehungio|M|/.github/workflows/ci.yml
1727596791|lehungio|A|/scala/build/Dockerfile.latest
1727596791|lehungio|M|/scala/build/Dockerfile.mantic
1727596791|lehungio|A|/scala/coding/.gitignore
1727596791|lehungio|A|/scala/coding/README.md
1727596791|lehungio|A|/scala/coding/build.sbt
1727596791|lehungio|A|/scala/coding/project/build.properties
1727596791|lehungio|A|/scala/coding/src/main/scala/HelloWorld.scala
1727596791|lehungio|A|/scala/coding/src/main/scala/Main.scala
1727596791|lehungio|A|/scala/coding/src/test/scala/HelloWorldTest.scala
1727596791|lehungio|A|/scala/coding/src/test/scala/MySuite.scala
1727840647|lehungio|M|/.github/workflows/automation.yml
1727840647|lehungio|M|/.github/workflows/ci.yml
1727840647|lehungio|A|/scala/build/Dockerfile.maintenance
1727840647|lehungio|A|/scala/build/packages/playwright-1.47.2.tar.gz
1727840873|lehungio|M|/scala/build/Dockerfile.maintenance
1727841105|lehungio|M|/scala/build/Dockerfile.maintenance
1727841226|lehungio|M|/scala/build/Dockerfile.maintenance
1727841497|lehungio|M|/scala/build/Dockerfile.maintenance
1727841595|lehungio|M|/scala/build/Dockerfile.maintenance
1727842260|lehungio|M|/scala/build/Dockerfile.maintenance
1727842675|lehungio|M|/scala/build/Dockerfile.maintenance
1727843003|lehungio|M|/scala/build/Dockerfile.maintenance
1727843787|lehungio|M|/scala/build/Dockerfile.maintenance
1727845490|lehungio|M|/scala/build/Dockerfile.maintenance
1727845884|lehungio|M|/scala/build/Dockerfile.maintenance
1727846176|lehungio|M|/scala/build/Dockerfile.maintenance
1727846455|lehungio|M|/scala/build/Dockerfile.maintenance
1727846790|lehungio|M|/scala/build/Dockerfile.maintenance
1727847491|lehungio|M|/scala/build/Dockerfile.maintenance
1727860837|lehungio|M|/scala/build/Dockerfile.maintenance
1727862449|lehungio|M|/scala/build/Dockerfile.maintenance
1727862848|lehungio|M|/scala/build/Dockerfile.maintenance
1727863437|lehungio|M|/scala/build/Dockerfile.maintenance
1727863849|lehungio|M|/scala/build/Dockerfile.maintenance
1727864559|lehungio|M|/scala/build/Dockerfile.maintenance
1727864981|lehungio|M|/scala/build/Dockerfile.maintenance
1727865420|lehungio|M|/scala/build/Dockerfile.maintenance
1727866425|lehungio|M|/scala/build/Dockerfile.maintenance
1727867080|lehungio|M|/scala/build/Dockerfile.maintenance
1727869092|lehungio|M|/scala/build/Dockerfile.maintenance
1727872146|lehungio|M|/scala/build/Dockerfile.maintenance
1727872567|lehungio|M|/scala/build/Dockerfile.maintenance
1727913054|lehungio|M|/scala/build/Dockerfile.maintenance
1728048388|lehung|M|/.github/workflows/automation.yml
1728048388|lehung|M|/.github/workflows/ci.yml
1728048388|lehung|M|/scala/build/Dockerfile.latest
1728048388|lehung|M|/scala/coding/src/main/scala/HelloWorld.scala
1728048388|lehung|M|/scala/coding/src/main/scala/Main.scala
1728048388|lehung|M|/scala/coding/src/test/scala/MySuite.scala
1728092627|lehung|M|/scala/build/Dockerfile.latest
1728093066|lehung|M|/scala/build/Dockerfile.latest
1728097330|lehung|M|/.github/workflows/automation.yml
1728097330|lehung|M|/.github/workflows/ci.yml
1728097330|lehung|M|/scala/build/Dockerfile.latest
1728097330|lehung|M|/scala/build/Dockerfile.maintenance
1728097330|lehung|M|/scala/build/Dockerfile.mantic
1728097330|lehung|M|/scala/coding/.gitignore
1728097330|lehung|M|/scala/coding/build.sbt
1728097330|lehung|A|/scala/coding/project/plugins.sbt
1728098341|lehung|M|/scala/build/Dockerfile.latest
1728099729|lehung|M|/scala/build/Dockerfile.latest
1728100046|lehung|M|/scala/build/Dockerfile.latest
1728100513|lehung|M|/scala/coding/build.sbt
1728100799|lehung|M|/scala/coding/build.sbt
1728102201|lehung|M|/scala/build/Dockerfile.latest
1728709346|lehungio|A|/scala/coding/src/main/scala/Hamming.scala
1728709346|lehungio|A|/scala/coding/src/test/scala/HammingTest.scala
1728709691|lehungio|A|/.github/workflows/coding.yml
1728710732|lehungio|M|/.github/workflows/ci.yml
1728710732|lehungio|M|/.github/workflows/coding.yml
1728710997|lehungio|M|/.github/workflows/ci.yml
1728710997|lehungio|M|/.github/workflows/coding.yml
1729173639|lehungio|M|/.github/workflows/ci.yml
1729173639|lehungio|A|/qa/build/scala.Dockerfile
1729173757|lehungio|M|/.github/workflows/ci.yml
1729176019|lehungio|M|/.github/workflows/ci.yml
1729176019|lehungio|A|/qa/build/package-lock.json
1729176019|lehungio|A|/qa/build/package.json
1729176019|lehungio|M|/qa/build/scala.Dockerfile
1729177205|lehungio|M|/qa/build/scala.Dockerfile
1729177769|lehungio|M|/.github/workflows/coding.yml
1729177769|lehungio|A|/.github/workflows/scala.yml
1729177769|lehungio|A|/javascript/coding/hello-world/package.json
1729177782|lehungio|M|/scala/coding/src/main/scala/Hamming.scala
1729177782|lehungio|M|/scala/coding/src/test/scala/HammingTest.scala
1729177903|lehungio|M|/qa/build/scala.Dockerfile
1729178095|lehungio|M|/.github/workflows/coding.yml
1729178095|lehungio|M|/scala/coding/src/main/scala/Hamming.scala
1729178581|lehungio|M|/qa/build/scala.Dockerfile
1729178672|lehungio|M|/scala/coding/src/test/scala/HammingTest.scala
1729252039|lehungio|M|/.github/workflows/coding.yml
1729252039|lehungio|M|/.github/workflows/scala.yml
1729252544|lehungio|M|/.github/workflows/scala.yml
1729252736|lehungio|M|/.github/workflows/scala.yml
1729252990|lehungio|M|/.github/workflows/ci.yml
1729252990|lehungio|M|/.github/workflows/coding.yml
1729255456|lehungio|M|/.circleci/config.yml
1729255456|lehungio|M|/package.json
1729257449|lehungio|M|/.circleci/config.yml
1729258511|lehungio|M|/.circleci/config.yml
1729258511|lehungio|M|/constant.js
1729258511|lehungio|M|/features/step_definitions/support/hooks.js
1729258511|lehungio|M|/package.json
1729258763|lehungio|M|/package.json
1729259712|lehungio|M|/yarn.lock
1729259849|lehungio|M|/package-lock.json
1729259849|lehungio|M|/yarn.lock
1729564764|lehung|D|/ubuntu/Dockerfile.qa
1729564764|lehung|A|/ubuntu/qa.Dockerfile
1729602340|lehungio|A|/database/mariadb/mariadb.Dockerfile
1729602340|lehungio|A|/database/mysql/mysql.Dockerfile
1729602340|lehungio|A|/database/oracle/README.md
1729602340|lehungio|A|/database/oracle/oracle.Dockerfile
1729602340|lehungio|A|/database/oracle/setupDatabase.sh
1729602340|lehungio|A|/database/oracle/startDB.sh
1730114260|lehungio|M|/.github/workflows/automation.yml
1730114260|lehungio|M|/.github/workflows/ci.yml
1730114260|lehungio|M|/docker-compose.yml
1730120161|lehungio|M|/.github/workflows/automation.yml
1730120161|lehungio|M|/.github/workflows/ci.yml
1730120161|lehungio|M|/docker-compose.yml
1730286304|lehungio|D|/jenkins/Dockerfile.latest
1730286304|lehungio|A|/jenkins/latest.Dockerfile
1730286304|lehungio|D|/php/Dockerfile.beta
1730286304|lehungio|D|/php/Dockerfile.latest
1730286304|lehungio|A|/php/beta.Dockerfile
1730286304|lehungio|A|/php/latest.Dockerfile
1730286304|lehungio|D|/puppeteer/Dockerfile.latest
1730286304|lehungio|A|/puppeteer/latest.Dockerfile
1730286304|lehungio|D|/scala/build/Dockerfile.bionic
1730286304|lehungio|D|/scala/build/Dockerfile.latest
1730286304|lehungio|D|/scala/build/Dockerfile.maintenance
1730286304|lehungio|D|/scala/build/Dockerfile.mantic
1730286304|lehungio|A|/scala/build/bionic.Dockerfile
1730286304|lehungio|A|/scala/build/latest.Dockerfile
1730286304|lehungio|A|/scala/build/maintenance.Dockerfile
1730286304|lehungio|A|/scala/build/mantic.Dockerfile
1730286304|lehungio|D|/ubuntu/Dockerfile.latest
1730286304|lehungio|D|/ubuntu/Dockerfile.noble
1730286304|lehungio|A|/ubuntu/latest.Dockerfile
1730286304|lehungio|A|/ubuntu/noble.Dockerfile
1730288715|lehungio|M|/.github/workflows/ci.yml
1730292442|lehungio|M|/database/oracle/README.md
1730292442|lehungio|M|/database/oracle/oracle.Dockerfile
1730364647|lehung|M|/scala/build/maintenance.Dockerfile
1730422857|lehungio|M|/scala/build/maintenance.Dockerfile
1730428937|lehungio|M|/scala/build/maintenance.Dockerfile
1730444191|lehungio|M|/scala/build/maintenance.Dockerfile
1730446597|lehungio|M|/scala/build/maintenance.Dockerfile
1730447408|lehungio|M|/scala/build/maintenance.Dockerfile
1730448079|lehungio|M|/scala/build/maintenance.Dockerfile
1730448796|lehungio|M|/scala/build/maintenance.Dockerfile
1730450880|lehungio|M|/scala/build/maintenance.Dockerfile
1730457161|lehungio|M|/scala/build/maintenance.Dockerfile
1730459710|lehungio|M|/scala/build/maintenance.Dockerfile
1730460431|lehungio|M|/scala/build/maintenance.Dockerfile
1735975456|lehungio|M|/ubuntu/qa.Dockerfile
1735975738|lehungio|M|/scala/build/mantic.Dockerfile
1735976150|lehungio|M|/puppeteer/latest.Dockerfile
1735976150|lehungio|M|/ubuntu/qa.Dockerfile
1735979895|lehungio|M|/.github/workflows/automation.yml
1735979895|lehungio|M|/.github/workflows/ci.yml
1735979895|lehungio|M|/.nvmrc
1735979895|lehungio|M|/qa/build/scala.Dockerfile
1735979895|lehungio|D|/scala/build/mantic.Dockerfile
1735979895|lehungio|A|/scala/build/mantic.Dockerfile.deprecated
1735991906|lehungio|M|/.github/workflows/ci.yml
1735992087|lehungio|M|/.github/workflows/ci.yml
1735993817|lehung|M|/.github/workflows/ci.yml
1735994018|lehung|M|/.github/workflows/ci.yml
1735994578|lehung|M|/.github/workflows/ci.yml
1735995198|lehung|M|/.github/workflows/ci.yml
1735995493|lehung|M|/.github/workflows/ci.yml
1735995780|lehung|M|/.github/workflows/ci.yml
1735996472|lehung|M|/.github/workflows/ci.yml
1735996932|lehung|M|/.github/workflows/ci.yml
1735997521|lehung|M|/.github/workflows/ci.yml
1735997763|lehung|M|/.github/workflows/ci.yml
1735997908|lehung|M|/.github/workflows/ci.yml
1735999086|lehung|M|/.github/workflows/ci.yml
1735999336|lehung|M|/.github/workflows/ci.yml
1736000458|lehung|M|/.github/workflows/ci.yml
1736001133|lehung|M|/.github/workflows/ci.yml
1736001734|lehung|M|/.github/workflows/ci.yml
1736045072|lehungio|M|/.github/workflows/ci.yml
1736051922|lehungio|M|/.github/workflows/ci.yml
1736051922|lehungio|A|/database/redis/latest.Dockerfile
1736051922|lehungio|M|/ubuntu/latest.Dockerfile
1736057385|lehungio|M|/.github/workflows/ci.yml
1736057385|lehungio|A|/.github/workflows/release.yml
1736057700|lehungio|M|/.github/workflows/ci.yml
1736059151|lehungio|M|/.github/workflows/release.yml
1736059151|lehungio|M|/package.json
1736064343|lehungio|M|/.circleci/config.yml
1736064656|lehungio|M|/.circleci/config.yml
1736065456|lehungio|M|/.circleci/config.yml
1736065900|lehungio|M|/.circleci/config.yml
1736065900|lehungio|M|/.github/workflows/ci.yml
1736066204|lehungio|M|/.circleci/config.yml
1736066365|lehungio|M|/.circleci/config.yml
1736067326|lehungio|M|/.circleci/config.yml
1736067326|lehungio|M|/php/latest.Dockerfile
1736067903|lehungio|M|/.circleci/config.yml
1736070220|lehungio|M|/.github/workflows/ci.yml
1736070220|lehungio|M|/.github/workflows/release.yml
1736070220|lehungio|M|/package.json
1736075448|lehungio|M|/.github/workflows/ci.yml
1736076210|lehungio|M|/.github/workflows/ci.yml
1736076503|lehungio|M|/.github/workflows/ci.yml
1736077015|lehungio|M|/.github/workflows/ci.yml
1736077829|lecaoquochung|M|/.github/workflows/ci.yml
1736077829|lecaoquochung|M|/.github/workflows/release.yml
1736078078|lecaoquochung|M|/.github/workflows/ci.yml
1736078257|lecaoquochung|M|/.github/workflows/ci.yml
1736078492|lecaoquochung|M|/.github/workflows/ci.yml
1736079774|lehungio|M|/.github/workflows/release.yml
1736079774|lehungio|M|/package.json
1736080269|lecaoquochung|M|/.github/workflows/ci.yml
1736091548|lecaoquochung|M|/.circleci/config.yml
1736091548|lecaoquochung|M|/.github/workflows/ci.yml
1736091548|lecaoquochung|M|/database/redis/latest.Dockerfile
1736091548|lecaoquochung|M|/package.json
1736091991|lecaoquochung|M|/database/redis/latest.Dockerfile
1736165112|lecaoquochung|M|/.github/workflows/ci.yml
1736165112|lecaoquochung|A|/database/redis/docker-compose.yml
1736170903|lecaoquochung|M|/.github/workflows/ci.yml
1736171834|lecaoquochung|D|/database/redis/docker-compose.yml
1736171834|lecaoquochung|A|/database/redis/test/connection/docker-compose.yml
1736207330|lecaoquochung|M|/.github/workflows/ci.yml
1736251197|lecaoquochung|M|/.github/workflows/ci.yml
1736251197|lecaoquochung|M|/database/redis/test/connection/docker-compose.yml
1736262674|lecaoquochung|M|/.circleci/config.yml
1736262674|lecaoquochung|M|/.github/workflows/ci.yml
1736262674|lecaoquochung|M|/database/redis/latest.Dockerfile
1736262674|lecaoquochung|M|/database/redis/test/connection/docker-compose.yml
1736262674|lecaoquochung|M|/features/e2e/cucumber/selenium.feature
1736262674|lecaoquochung|M|/features/step_definitions/cucumber/selenium.js
1736262674|lecaoquochung|M|/php/beta.Dockerfile
1736262674|lecaoquochung|M|/report.json
1736263198|lecaoquochung|M|/.circleci/config.yml
1736263198|lecaoquochung|M|/.github/workflows/ci.yml
1736264038|lecaoquochung|M|/.github/workflows/ci.yml
1736295669|lecaoquochung|M|/.github/workflows/ci.yml
1736308056|lecaoquochung|M|/.github/workflows/ci.yml
1736336492|lecaoquochung|M|/.github/workflows/ci.yml
1736343549|lecaoquochung|M|/.github/workflows/ci.yml
1736343549|lecaoquochung|M|/.github/workflows/release.yml
1736343549|lecaoquochung|A|/cloud/.gitkeep
1736344321|lecaoquochung|M|/.github/workflows/ci.yml
1736348018|lecaoquochung|M|/.github/workflows/ci.yml
1736348018|lecaoquochung|M|/.github/workflows/release.yml
1736348018|lecaoquochung|M|/package.json
1736348903|lecaoquochung|M|/.circleci/config.yml
1736349060|lecaoquochung|M|/.circleci/config.yml
1736520068|lecaoquochung|M|/ubuntu/latest.Dockerfile
1736521420|lecaoquochung|M|/ubuntu/latest.Dockerfile
1736560550|lecaoquochung|M|/ubuntu/latest.Dockerfile
1736563586|lecaoquochung|M|/ubuntu/latest.Dockerfile
1736594360|lecaoquochung|M|/ubuntu/latest.Dockerfile
1736600713|lecaoquochung|M|/ubuntu/latest.Dockerfile
1736602732|lecaoquochung|M|/ubuntu/latest.Dockerfile
1736651639|lecaoquochung|M|/ubuntu/latest.Dockerfile
1736747099|lecaoquochung|M|/ubuntu/latest.Dockerfile
1736754130|lecaoquochung|M|/ubuntu/latest.Dockerfile
1736772753|lecaoquochung|M|/ubuntu/latest.Dockerfile
1736776963|lecaoquochung|M|/ubuntu/latest.Dockerfile
1737201186|lecaoquochung|M|/ubuntu/latest.Dockerfile
1737201633|lecaoquochung|M|/ubuntu/latest.Dockerfile
1737206643|lecaoquochung|M|/package.json
1737208058|lecaoquochung|A|/.ci/macos/dependencies/gource.sh
1737208058|lecaoquochung|M|/package-lock.json
1737208058|lecaoquochung|M|/ubuntu/latest.Dockerfile
1737208058|lecaoquochung|M|/yarn.lock
